0 info it worked if it ends with ok
1 verbose cli [ '/Users/gerrityntema/.nvm/versions/node/v5.7.0/bin/node',
1 verbose cli   '/Users/gerrityntema/.nvm/versions/node/v5.7.0/bin/npm',
1 verbose cli   'start' ]
2 info using npm@3.6.0
3 info using node@v5.7.0
4 verbose run-script [ 'prestart', 'start', 'poststart' ]
5 info lifecycle evercode@0.0.1~prestart: evercode@0.0.1
6 silly lifecycle evercode@0.0.1~prestart: no script for prestart, continuing
7 info lifecycle evercode@0.0.1~start: evercode@0.0.1
8 verbose lifecycle evercode@0.0.1~start: unsafe-perm in lifecycle true
9 verbose lifecycle evercode@0.0.1~start: PATH: /Users/gerrityntema/.nvm/versions/node/v5.7.0/lib/node_modules/npm/bin/node-gyp-bin:/Users/gerrityntema/hackreactor/evercode/node_modules/.bin:/Users/gerrityntema/.nvm/versions/node/v5.7.0/bin:/usr/local/bin:/usr/local/heroku/bin:/Users/gerrityntema/.rvm/gems/ruby-2.0.0-p353/bin:/Users/gerrityntema/.rvm/gems/ruby-2.0.0-p353@global/bin:/Users/gerrityntema/.rvm/rubies/ruby-2.0.0-p353/bin:/usr/local/bin:/usr/bin:/bin:/usr/sbin:/sbin:/opt/X11/bin:/usr/local/git/bin:/opt/ImageMagick/bin:/Users/gerrityntema/.rvm/bin
10 verbose lifecycle evercode@0.0.1~start: CWD: /Users/gerrityntema/hackreactor/evercode
11 silly lifecycle evercode@0.0.1~start: Args: [ '-c', 'node --harmony-destructuring server/noncluster.js' ]
12 silly lifecycle evercode@0.0.1~start: Returned: code: 1  signal: null
13 info lifecycle evercode@0.0.1~start: Failed to exec start script
14 verbose stack Error: evercode@0.0.1 start: `node --harmony-destructuring server/noncluster.js`
14 verbose stack Exit status 1
14 verbose stack     at EventEmitter.<anonymous> (/Users/gerrityntema/.nvm/versions/node/v5.7.0/lib/node_modules/npm/lib/utils/lifecycle.js:232:16)
14 verbose stack     at emitTwo (events.js:100:13)
14 verbose stack     at EventEmitter.emit (events.js:185:7)
14 verbose stack     at ChildProcess.<anonymous> (/Users/gerrityntema/.nvm/versions/node/v5.7.0/lib/node_modules/npm/lib/utils/spawn.js:24:14)
14 verbose stack     at emitTwo (events.js:100:13)
14 verbose stack     at ChildProcess.emit (events.js:185:7)
14 verbose stack     at maybeClose (internal/child_process.js:827:16)
14 verbose stack     at Process.ChildProcess._handle.onexit (internal/child_process.js:211:5)
15 verbose pkgid evercode@0.0.1
16 verbose cwd /Users/gerrityntema/hackreactor/evercode
17 error Darwin 15.3.0
18 error argv "/Users/gerrityntema/.nvm/versions/node/v5.7.0/bin/node" "/Users/gerrityntema/.nvm/versions/node/v5.7.0/bin/npm" "start"
19 error node v5.7.0
20 error npm  v3.6.0
21 error code ELIFECYCLE
22 error evercode@0.0.1 start: `node --harmony-destructuring server/noncluster.js`
22 error Exit status 1
23 error Failed at the evercode@0.0.1 start script 'node --harmony-destructuring server/noncluster.js'.
23 error Make sure you have the latest version of node.js and npm installed.
23 error If you do, this is most likely a problem with the evercode package,
23 error not with npm itself.
23 error Tell the author that this fails on your system:
23 error     node --harmony-destructuring server/noncluster.js
23 error You can get information on how to open an issue for this project with:
23 error     npm bugs evercode
23 error Or if that isn't available, you can get their info via:
23 error     npm owner ls evercode
23 error There is likely additional logging output above.
24 verbose exit [ 1, true ]
